
;
; Created on Mon Mar 25 13:05:29 2019 with ECE 449 assembler v1.10 Beta 4 (16 bit).
;
;Header Section
RADIX 10
DEPTH 512
WIDTH 16
DEFAULT 0
;
; Data Section
; Specifies data to be stored in different addresses
; e.g., DATA 0:A, 1:0
;
RADIX 16
DATA 
0000 => "0010010011110010", -- 0000 - 24F2   LOADIMM.LOWER 0xF2     
0002 => "0010010111111111", -- 0002 - 25FF   LOADIMM.UPPER 0xFF     
0004 => "0010011000111000", -- 0004 - 2638   MOV           R0,R7    
0006 => "0010010001100100", -- 0006 - 2464   LOADIMM.LOWER 100      
0008 => "0010010100000110", -- 0008 - 2506   LOADIMM.UPPER 6        
0010 => "0010011001111000", -- 000A - 2678   MOV           R1,R7    
0012 => "0010010011110000", -- 000C - 24F0   LOADIMM.LOWER 0xF0     
0014 => "0010010111111111", -- 000E - 25FF   LOADIMM.UPPER 0xFF     
0016 => "0010011010111000", -- 0010 - 26B8   MOV           R2,R7    
0018 => "0010001000001000", -- 0012 - 2208   STORE         R0,R1    
0020 => "0010000011010000", -- 0014 - 20D0   LOAD          R3,R2    
0022 => "0010001000011000", -- 0016 - 2218   STORE         R0,R3    
0024 => "1000000000000000", -- 0018 - 8000   BRR           0        
0026 => "0000000000000000", -- 001A - 0000   NOP                    
0028 => "0000000000000000", -- 001C - 0000   NOP                    
0030 => "0000000000000000", -- 001E - 0000   NOP                    


-------------------------------------------------------
Symbol Table:

