
;
; Created on Wed Mar 27 16:20:36 2019 with ECE 449 assembler v1.10 Beta 4 (16 bit).
;
;Header Section
RADIX 10
DEPTH 512
WIDTH 16
DEFAULT 0
;
; Data Section
; Specifies data to be stored in different addresses
; e.g., DATA 0:A, 1:0
;
RADIX 16
DATA 
0000 => "0010010011110010", -- 0000 - 24F2   LOADIMM.LOWER 0xF2     
0002 => "0010010111111111", -- 0002 - 25FF   LOADIMM.UPPER 0xFF     
0004 => "0010011000111000", -- 0004 - 2638   MOV           R0,R7    
0006 => "0010010001100100", -- 0006 - 2464   LOADIMM.LOWER 100      
0008 => "0010010100000110", -- 0008 - 2506   LOADIMM.UPPER 6        
0010 => "0010011001111000", -- 000A - 2678   MOV           R1,R7    
0012 => "0010010011110000", -- 000C - 24F0   LOADIMM.LOWER 0xF0     
0014 => "0010010111111111", -- 000E - 25FF   LOADIMM.UPPER 0xFF     
0016 => "0010011010111000", -- 0010 - 26B8   MOV           R2,R7    
0018 => "0000011011010000", -- 0012 - 06D0   MUL           R3,R2,R0 
0020 => "1000000000000000", -- 0014 - 8000   BRR           0        
0022 => "0000000000000000", -- 0016 - 0000   NOP                    
0024 => "0000000000000000", -- 0018 - 0000   NOP                    
0026 => "0000000000000000", -- 001A - 0000   NOP                    


-------------------------------------------------------
Symbol Table:

