Exception at PC 0x00007FF956D44078
Exception at PC 0x00007FF956D44078
Exception at PC 0x00007FF956D44078
Exception at PC 0x00007FF956D44078
Exception at PC 0x00007FF8E3ECE132
Attemped to write at address 0x00007FF923174AA4
Printing stacktrace...

[0]  [0x00007FF8E3ECE132]
[1]  [0x00007FF8E3ECE132]
[2]  [0x00007FF8E3ECE194]
[3]  [0x00007FF8E3B1D0D7]
[4]  [0x00007FF8E3A02BCA]
[5]  [0x00007FF8E3A02FD1]
[6]  [0x00007FF8E3ECEB2F]
[7]  [0x00007FF8E3D8C19D]
[8]  [0x00007FF8E3D85942]
[9]  [0x00007FF8E3D85AB5]
[10] (RtlDeactivateActivationContextUnsafeFast+0x1bf) [0x00007FF9599C389F]
[11] (LdrShutdownProcess+0x14b) [0x00007FF9599B200B]
[12] (RtlExitUserProcess+0xb4) [0x00007FF9599B1EA4]
[13] (ExitProcess+0xa) [0x00007FF957B4CFEA]
[14] (exit+0x85) [0x00007FF956F6A4B5]
[15] (initterm_e+0x231) [0x00007FF956F6AB11]
[16]  [0x00000000004014CD]
[17]  [0x000000000040151B]
[18] (BaseThreadInitThunk+0x14) [0x00007FF957B384D4]
[19] (RtlUserThreadStart+0x21) [0x00007FF959A0E851]
Done
